Wed Oct 22 2014 19:54:58 GMT-0700 (Pacific Daylight Time):
{ [Error: Server returned error in RSTR - ErrorCode: NONE : FaultMessage: NONE]
  stack: [Getter/Setter],
  __frame: 
   { name: 'getSubscriptions',
     line: 23,
     file: 'c:\\Users\\Fuzzy\\AppData\\Roaming\\npm\\node_modules\\azure-cli\\lib\\util\\profile\\subscriptionUtils._js',
     prev: 
      { name: '__1',
        line: 41,
        file: 'c:\\Users\\Fuzzy\\AppData\\Roaming\\npm\\node_modules\\azure-cli\\lib\\commands\\login._js',
        prev: undefined,
        active: false,
        offset: 47,
        col: 31 },
     active: false,
     offset: 1,
     col: 20 },
  rawStack: [Getter] }
Error: Server returned error in RSTR - ErrorCode: NONE : FaultMessage: NONE
    at Logger.createError (c:\Users\Fuzzy\AppData\Roaming\npm\node_modules\azure-cli\node_modules\adal-node\lib\log.js:196:13)
    at WSTrustResponse.parse (c:\Users\Fuzzy\AppData\Roaming\npm\node_modules\azure-cli\node_modules\adal-node\lib\wstrust-response.js:243:23)
    at WSTrustRequest._handleRSTR (c:\Users\Fuzzy\AppData\Roaming\npm\node_modules\azure-cli\node_modules\adal-node\lib\wstrust-request.js:150:21)
    at c:\Users\Fuzzy\AppData\Roaming\npm\node_modules\azure-cli\node_modules\adal-node\lib\wstrust-request.js:183:12
    at Request._callback (c:\Users\Fuzzy\AppData\Roaming\npm\node_modules\azure-cli\node_modules\adal-node\lib\util.js:116:5)
    at Request.self.callback (c:\Users\Fuzzy\AppData\Roaming\npm\node_modules\azure-cli\node_modules\request\request.js:129:22)
    at Request.emit (events.js:98:17)
    at Request.<anonymous> (c:\Users\Fuzzy\AppData\Roaming\npm\node_modules\azure-cli\node_modules\request\request.js:873:14)
    at Request.emit (events.js:117:20)
    at IncomingMessage.<anonymous> (c:\Users\Fuzzy\AppData\Roaming\npm\node_modules\azure-cli\node_modules\request\request.js:824:12)
    at getSubscriptions (c:\Users\Fuzzy\AppData\Roaming\npm\node_modules\azure-cli\lib\util\profile\subscriptionUtils._js:24:20)
    at __1 (c:\Users\Fuzzy\AppData\Roaming\npm\node_modules\azure-cli\lib\commands\login._js:88:31)

